Started by user [8mha:AAAAlh+LCAAAAAAAAP9b85aBtbiIQTGjNKU4P08vOT+vOD8nVc83PyU1x6OyILUoJzMv2y+/JJUBAhiZGBgqihhk0NSjKDWzXb3RdlLBUSYGJk8GtpzUvPSSDB8G5tKinBIGIZ+sxLJE/ZzEvHT94JKizLx0a6BxUmjGOUNodHsLgAzOEgYu/dLi1CL9vNKcHACFIKlWvwAAAA== [0manonymous
Building in workspace C:\Users\Paul\.jenkins\jobs\test1\workspace
[workspace] $ sh -xe C:\windows\TEMP\hudson1389629892269092873.sh
The system cannot find the file specified
FATAL: command execution failed
[8mha:AAAAWB+LCAAAAAAAAP9b85aBtbiIQSmjNKU4P08vOT+vOD8nVc8DzHWtSE4tKMnMz/PLL0ldFVf2c+b/lb5MDAwVRQxSaBqcITRIIQMEMIIUFgAAckCEiWAAAAA= [0mjava.io.IOException: Cannot run program "sh" (in directory "C:\Users\Paul\.jenkins\jobs\test1\workspace"): CreateProcess error=2, ??d?? Æ???; ?; ¼? ¾ø
	at java.lang.ProcessBuilder.start(Unknown Source)
	at hudson.Proc$LocalProc.<init>(Proc.java:244)
	at hudson.Proc$LocalProc.<init>(Proc.java:216)
	at hudson.Launcher$LocalLauncher.launch(Launcher.java:773)
	at hudson.Launcher$ProcStarter.start(Launcher.java:353)
	at hudson.Launcher$ProcStarter.join(Launcher.java:360)
	at hudson.tasks.CommandInterpreter.perform(CommandInterpreter.java:91)
	at hudson.tasks.CommandInterpreter.perform(CommandInterpreter.java:60)
	at hudson.tasks.BuildStepMonitor$1.perform(BuildStepMonitor.java:20)
	at hudson.model.AbstractBuild$AbstractBuildExecution.perform(AbstractBuild.java:804)
	at hudson.model.Build$BuildExecution.build(Build.java:199)
	at hudson.model.Build$BuildExecution.doRun(Build.java:160)
	at hudson.model.AbstractBuild$AbstractBuildExecution.run(AbstractBuild.java:586)
	at hudson.model.Run.execute(Run.java:1603)
	at hudson.model.FreeStyleBuild.run(FreeStyleBuild.java:46)
	at hudson.model.ResourceController.execute(ResourceController.java:88)
	at hudson.model.Executor.run(Executor.java:247)
Caused by: java.io.IOException: CreateProcess error=2, ??d?? Æ???; ?; ¼? ¾ø
	at java.lang.ProcessImpl.create(Native Method)
	at java.lang.ProcessImpl.<init>(Unknown Source)
	at java.lang.ProcessImpl.start(Unknown Source)
	... 17 more
Build step 'Execute shell' marked build as failure
Finished: FAILURE